1 18
2 17
3 12
4 12
5 13
6 16
7 10
8 14
9 18
10 21
11 15
12 13
13 11
14 17
15 16
16 16
17 17
18 15
19 20
20 14
21 16
22 8
23 13
24 15
25 21
26 20
27 11
28 15
29 8
30 21
31 16
32 15
33 18
34 17
35 9
36 14
37 15
38 13
39 16
40 19
41 18
42 16
43 14
44 12
45 6
46 19
47 17
48 10
49 14
50 12
51 19
52 13
53 14
54 15
55 18
56 27
57 9
58 13
59 10
60 17
61 16
62 14
63 16
64 16
65 14
66 10
67 18
68 14
69 17
70 4
71 16
72 13
73 6
74 14
75 15
76 14
77 11
78 17
79 11
80 17
81 14
82 8
83 13
84 12
85 14
86 15
87 16
88 7
89 13
90 20
91 13
92 16
93 5
94 17
95 18
96 23
97 16
98 12
99 15
100 11
101 15
102 2
103 18
104 14
105 17
106 8
107 12
108 12
109 16
110 10
111 16
112 13
113 15
114 16
115 14
116 11
117 13
118 10
119 15
120 18
121 15
122 13
123 8
124 9
125 16
126 21
127 14
128 17
129 15
130 19
131 15
132 15
133 14
134 10
135 11
136 17
137 14
138 14
139 15
140 11
141 17
142 16
143 17
144 9
145 23
146 19
147 14
148 16
149 11
150 15
151 14
152 13
153 14
154 17
155 9
156 18
157 17
158 15
159 5
160 15
161 15
162 18
163 14
164 17
165 11
166 14
167 17
168 12
169 13
170 16
171 14
172 10
173 14
174 17
175 14
176 16
177 21
178 14
179 12
180 12
181 20
182 10
183 18
184 6
185 13
186 14
187 16
188 4
189 14
190 14
191 24
192 18
193 16
194 11
195 23
196 24
197 14
198 15
199 14
200 14
201 15
202 18
203 10
204 19
205 13
206 12
207 18
208 17
209 11
210 15
211 13
212 13
213 17
214 12
215 10
216 12
217 5
218 15
219 17
220 12
221 18
222 13
223 14
224 12
225 15
226 14
227 14
228 20
229 11
230 12
231 16
232 10
233 9
234 16
235 16
236 19
237 19
238 16
239 11
240 17
241 5
242 18
243 12
244 15
245 11
246 16
247 16
248 16
249 13
250 19
251 11
252 17
253 14
254 13
255 12