1 24
2 28
3 22
4 18
5 35
6 27
7 21
8 29
9 22
10 26
11 21
12 28
13 25
14 20
15 35
16 29
17 23
18 23
19 29
20 22
21 28
22 18
23 24
24 33
25 33
26 27
27 9
28 29
29 25
30 28
31 23
32 27
33 17
34 24
35 17
36 20
37 29
38 27
39 25
40 25
41 34
42 25
43 28
44 18
45 39
46 31
47 28
48 31
49 31
50 39
51 28
52 20
53 26
54 28
55 23
56 31
57 12
58 27
59 13
60 30
61 24
62 33
63 26
64 20
65 3
66 12
67 19
68 24
69 24
70 21
71 21
72 23
73 24
74 20
75 26
76 14
77 17
78 26
79 18
80 33
81 22
82 23
83 21
84 26
85 21
86 27
87 22
88 22
89 8
90 23
91 30
92 27
93 27
94 30
95 31
96 26
97 29
98 36
99 24
100 34
101 24
102 25
103 20
104 29
105 23
106 21
107 25
108 12
109 36
110 25
111 22
112 25
113 19
114 27
115 18
116 22
117 28
118 27
119 33
120 29
121 29
122 22
123 39
124 28
125 18
126 825761841
127 221788192