1 7
2 8
3 12
4 11
5 7
6 13
7 12
8 10
9 8
10 9
11 2
12 10
13 9
14 9
15 12
16 8
17 12
18 10
19 9
20 3
21 10
22 9
23 12
24 12
25 10
26 10
27 7
28 9
29 11
30 11
31 13
32 10
33 12
34 13
35 12
36 11
37 10
38 11
39 11
40 11
41 11
42 9
43 10
44 9
45 10
46 7
47 8
48 8
49 13
50 7
51 11
52 9
53 12
54 9
55 9
56 11
57 14
58 9
59 8
60 6
61 9
62 11
63 10
64 9
65 9
66 11
67 3
68 10
69 10
70 12
71 10
72 11
73 13
74 9
75 11
76 12
77 10
78 4
79 11
80 12
81 8
82 4
83 13
84 9
85 8
86 11
87 7
88 11
89 9
90 10
91 9
92 8
93 8
94 7
95 7
96 6
97 9
98 8
99 7
100 10
101 9
102 12
103 13
104 10
105 10
106 12
107 12
108 11
109 3
110 11
111 7
112 11
113 11
114 10
115 9
116 9
117 11
118 11
119 10
120 10
121 9
122 9
123 7
124 7
125 8
126 11
127 12
128 9
129 10
130 9
131 9
132 8
133 6
134 11
135 14
136 13
137 9
138 11
139 12
140 10
141 4
142 13
143 10
144 10
145 8
146 16
147 7
148 9
149 14
150 8
151 8
152 12
153 8
154 10
155 8
156 7
157 8
158 12
159 8
160 10
161 11
162 9
163 14
164 11
165 9
166 9
167 15
168 7
169 12
170 3
171 10
172 11
173 13
174 6
175 12
176 10
177 12
178 12
179 5
180 9
181 12
182 11
183 8
184 11
185 9
186 15
187 12
188 11
189 5
190 11
191 9
192 9
193 11
194 11
195 10
196 9
197 10
198 6
199 10
200 11
201 10
202 11
203 6
204 13
205 11
206 10
207 11
208 15
209 12
210 11
211 9
212 12
213 11
214 10
215 11
216 10
217 7
218 5
219 6
220 12
221 11
222 11
223 14
224 11
225 12
226 8
227 16
228 12
229 13
230 10
231 9
232 10
233 9
234 10
235 10
236 10
237 10
238 8
239 9
240 11
241 10
242 11
243 14
244 9
245 13
246 10
247 4
248 12
249 9
250 7
251 9
252 12
253 12
254 9
255 9
256 9
257 10
258 8
259 8
260 7
261 8
262 11
263 10
264 11
265 11
266 8
267 9
268 7
269 6
270 11
271 9
272 10
273 9
274 11
275 9
276 9
277 9
278 10
279 8
280 10
281 6
282 12
283 12
284 12
285 11
286 9
287 13
288 10
289 12
290 9
291 8
292 8
293 7
294 10
295 10
296 11
297 12
298 9
299 12
300 10
301 12
302 10
303 14
304 10
305 12
306 13
307 11
308 9
309 10
310 8
311 7
312 10
313 10
314 11
315 11
316 11
317 9
318 9
319 11
320 9
321 10
322 11
323 8
324 10
325 13
326 9
327 14
328 12
329 11
330 8
331 11
332 6
333 8
334 8
335 9
336 10
337 9
338 10
339 9
340 11
341 9
342 10
343 5
344 13
345 10
346 9
347 6
348 9
349 7
350 13
351 9
352 8
353 13
354 10
355 10
356 10
357 10
358 9
359 10
360 10
361 10
362 8
363 11
364 9
365 12
366 9
367 12
368 12
369 10
370 13
371 12
372 10
373 10
374 10
375 6
376 10
377 11
378 8
379 11
380 10
381 9
382 8
383 10
384 11
385 10
386 8
387 11
388 6
389 5
390 9
391 10
392 11
393 9
394 8
395 11
396 10
397 7
398 8
399 10
400 12
401 9
402 12
403 10
404 10
405 12
406 8
407 8
408 11
409 12
410 7
411 9
412 13
413 11
414 8
415 11
416 10
417 11
418 10
419 8
420 9
421 10
422 11
423 13
424 10
425 9
426 8
427 10
428 8
429 12
430 9
431 13
432 8
433 11
434 12
435 13
436 11
437 11
438 9
439 10
440 11
441 10
442 5
443 10
444 12
445 9
446 14
447 6
448 2
449 11
450 9
451 10
452 12
453 10
454 10
455 13
456 15
457 10
458 10
459 10
460 8
461 5
462 10
463 11
464 8
465 8
466 11
467 7
468 10
469 6
470 11
471 8
472 10
473 11
474 11
475 11
476 13
477 11
478 5
479 5
480 8
481 13
482 11
483 11
484 6
485 8
486 9
487 10
488 13
489 12
490 11
491 8
492 9
493 11
494 10
495 8
496 10
497 12
498 12
499 9
500 11
501 7
502 10
503 13
504 6
505 8
506 8
507 13
508 13
509 8
510 876027959
511 858851853