1 12
2 13
3 16
4 15
5 14
6 14
7 11
8 13
9 14
10 13
11 15
12 13
13 17
14 11
15 14
16 17
17 13
18 10
19 18
20 16
21 12
22 16
23 12
24 9
25 7
26 9
27 14
28 15
29 17
30 14
31 15
32 10
33 17
34 14
35 14
36 13
37 15
38 16
39 16
40 11
41 17
42 22
43 9
44 14
45 5
46 13
47 19
48 13
49 12
50 10
51 14
52 11
53 13
54 14
55 13
56 21
57 15
58 14
59 14
60 17
61 14
62 13
63 7
64 15
65 14
66 14
67 10
68 10
69 14
70 13
71 12
72 10
73 16
74 14
75 17
76 9
77 15
78 20
79 15
80 13
81 11
82 15
83 19
84 13
85 18
86 15
87 13
88 15
89 13
90 15
91 16
92 16
93 15
94 10
95 14
96 13
97 13
98 14
99 12
100 14
101 14
102 16
103 14
104 16
105 15
106 17
107 15
108 15
109 13
110 19
111 20
112 8
113 14
114 16
115 15
116 11
117 19
118 11
119 11
120 11
121 12
122 13
123 11
124 10
125 12
126 16
127 11
128 8
129 18
130 13
131 14
132 15
133 12
134 12
135 15
136 9
137 12
138 16
139 11
140 11
141 16
142 16
143 19
144 11
145 17
146 12
147 12
148 15
149 15
150 14
151 10
152 10
153 12
154 18
155 12
156 16
157 15
158 13
159 14
160 13
161 14
162 12
163 16
164 15
165 12
166 14
167 13
168 13
169 13
170 14
171 15
172 12
173 14
174 15
175 11
176 12
177 17
178 15
179 18
180 13
181 13
182 16
183 17
184 9
185 16
186 14
187 9
188 15
189 20
190 9
191 15
192 16
193 19
194 14
195 14
196 14
197 14
198 12
199 10
200 14
201 14
202 14
203 15
204 5
205 14
206 15
207 13
208 15
209 16
210 14
211 12
212 13
213 13
214 16
215 13
216 13
217 10
218 7
219 13
220 20
221 11
222 11
223 18
224 13
225 19
226 12
227 12
228 11
229 12
230 18
231 12
232 15
233 19
234 11
235 18
236 13
237 13
238 17
239 15
240 11
241 12
242 17
243 14
244 18
245 17
246 16
247 13
248 11
249 8
250 14
251 18
252 12
253 12
254 13
255 12
256 17
257 17
258 14
259 18
260 16
261 16
262 16
263 19
264 13
265 14
266 18
267 9
268 13
269 18
270 13
271 19
272 21
273 17
274 18
275 15
276 14
277 12
278 10
279 15
280 11
281 14
282 15
283 15
284 15
285 14
286 16
287 15
288 8
289 14
290 14
291 14
292 14
293 15
294 9
295 16
296 12
297 10
298 12
299 14
300 12
301 9
302 12
303 11
304 13
305 16
306 11
307 16
308 14
309 16
310 17
311 12
312 12
313 13
314 13
315 13
316 15
317 14
318 11
319 19
320 17
321 11
322 15
323 13
324 12
325 16
326 10
327 16
328 13
329 13
330 13
331 14
332 12
333 10
334 18
335 10
336 13
337 17
338 14
339 12
340 17
341 15
342 21
343 15
344 15
345 13
346 14
347 17
348 12
349 12
350 16
351 11
352 12
353 14
354 13
355 15
356 13
357 14
358 14
359 13
360 12
361 8
362 12
363 18
364 14
365 9
366 15
367 14
368 16
369 17
370 17
371 18
372 16
373 15
374 11
375 18
376 12
377 14
378 17
379 10
380 14
381 18
382 13
383 14